<?xml version="1.0" encoding="UTF-8"?>
<testsuite name="com.kodilla.stream.array.ArrayOperationsTestSuite" tests="1" skipped="0" failures="0" errors="0" timestamp="2019-03-21T17:11:06" hostname="ACER-Komputer" time="0.027">
  <properties/>
  <testcase name="testGetAverage" classname="com.kodilla.stream.array.ArrayOperationsTestSuite" time="0.027"/>
  <system-out><![CDATA[3
6
9
12
15
18
21
24
27
30
]]></system-out>
  <system-err><![CDATA[]]></system-err>
</testsuite>
