<?xml version="1.0" encoding="UTF-8"?>
<testsuite name="com.kodilla.testing.forum.statistics.CounterStatisticsTestSuite" tests="6" skipped="0" failures="0" errors="0" timestamp="2018-12-23T17:08:49" hostname="ACER-Komputer" time="0.336">
  <properties/>
  <testcase name="testCalculateForecastWithMock2" classname="com.kodilla.testing.forum.statistics.CounterStatisticsTestSuite" time="0.329"/>
  <testcase name="testCalculateForecastWithMock3" classname="com.kodilla.testing.forum.statistics.CounterStatisticsTestSuite" time="0.002"/>
  <testcase name="testCalculateForecastWithMock4" classname="com.kodilla.testing.forum.statistics.CounterStatisticsTestSuite" time="0.001"/>
  <testcase name="testCalculateForecastWithMock5" classname="com.kodilla.testing.forum.statistics.CounterStatisticsTestSuite" time="0.001"/>
  <testcase name="testCalculateForecastWithMock6" classname="com.kodilla.testing.forum.statistics.CounterStatisticsTestSuite" time="0.001"/>
  <testcase name="testCalculateForecastWithMock" classname="com.kodilla.testing.forum.statistics.CounterStatisticsTestSuite" time="0.001"/>
  <system-out><![CDATA[]]></system-out>
  <system-err><![CDATA[]]></system-err>
</testsuite>
