<?xml version="1.0" encoding="UTF-8"?>
<testsuite name="com.kodilla.testing.library.BookDirectoryTestSuite" tests="4" skipped="0" failures="0" errors="0" timestamp="2018-12-23T17:08:49" hostname="ACER-Komputer" time="0.067">
  <properties/>
  <testcase name="testListBooksWithConditionFragmentShorterThan3" classname="com.kodilla.testing.library.BookDirectoryTestSuite" time="0.058"/>
  <testcase name="testListBooksWithConditionMoreThan20" classname="com.kodilla.testing.library.BookDirectoryTestSuite" time="0.004"/>
  <testcase name="testListBooksWithConditionsReturnList" classname="com.kodilla.testing.library.BookDirectoryTestSuite" time="0.001"/>
  <testcase name="testListBooksInHandsOf" classname="com.kodilla.testing.library.BookDirectoryTestSuite" time="0.002"/>
  <system-out><![CDATA[]]></system-out>
  <system-err><![CDATA[]]></system-err>
</testsuite>
