<?xml version="1.0" encoding="UTF-8"?>
<testsuite name="com.kodilla.patterns.singleton.LoggerTestSuite" tests="1" skipped="0" failures="0" errors="0" timestamp="2019-03-21T17:10:40" hostname="ACER-Komputer" time="0.005">
  <properties/>
  <testcase name="getLastLog" classname="com.kodilla.patterns.singleton.LoggerTestSuite" time="0.005"/>
  <system-out><![CDATA[Log: [TEST log!]
]]></system-out>
  <system-err><![CDATA[]]></system-err>
</testsuite>
