<?xml version="1.0" encoding="UTF-8"?>
<testsuite name="com.kodilla.patterns.builder.bigmac.BigmacTestSuite" tests="1" skipped="0" failures="0" errors="0" timestamp="2019-03-21T17:10:40" hostname="ACER-Komputer" time="0.015">
  <properties/>
  <testcase name="testBigmacNew" classname="com.kodilla.patterns.builder.bigmac.BigmacTestSuite" time="0.015"/>
  <system-out><![CDATA[Bigmac{bun='sesame', burgers=2, sauce='light', ingredients=[bacon, chili]}
]]></system-out>
  <system-err><![CDATA[]]></system-err>
</testsuite>
