<?xml version="1.0" encoding="UTF-8"?>
<testsuite name="com.kodilla.patterns.strategy.social.UserTestSuite" tests="2" skipped="0" failures="0" errors="0" timestamp="2019-08-10T19:22:18" hostname="ACER-Komputer" time="0.004">
  <properties/>
  <testcase name="testDefaultSharingStrategies" classname="com.kodilla.patterns.strategy.social.UserTestSuite" time="0.003"/>
  <testcase name="testIndividualSharingStrategy" classname="com.kodilla.patterns.strategy.social.UserTestSuite" time="0.0"/>
  <system-out><![CDATA[Snapchat
Brian usually share by: Snapchat
Facebook
Adam usually share by: Facebook
Twitter
Eustachy usually share by: Twitter
Snapchat
Brian usually share by: Snapchat
Twitter
Brian now share by Twitter
]]></system-out>
  <system-err><![CDATA[]]></system-err>
</testsuite>
